0 info it worked if it ends with ok
1 verbose cli [ 'node', '/usr/local/bin/npm', 'publish' ]
2 info using npm@1.1.62
3 info using node@v0.8.11
4 verbose publish [ '.' ]
5 verbose read json /Users/olivier/Documents/Wingman/withAdvice.js/package.json
6 verbose cache add [ '.', null ]
7 silly cache add name=undefined spec="." args=[".",null]
8 verbose parsed url { pathname: '.', path: '.', href: '.' }
9 silly lockFile 3a52ce78- .
10 verbose lock . /Users/olivier/.npm/3a52ce78-.lock
11 verbose read json package.json
12 verbose tar pack [ '/var/folders/t0/hzd5shn15q7_3bl0ymfz97jh0000gn/T/npm-67237/1359776588046-0.7364282582420856/tmp.tgz',
12 verbose tar pack   '.' ]
13 verbose tarball /var/folders/t0/hzd5shn15q7_3bl0ymfz97jh0000gn/T/npm-67237/1359776588046-0.7364282582420856/tmp.tgz
14 verbose folder .
15 info prepublish withadvice@0.0.5
16 silly lockFile e07ad088-88046-0-7364282582420856-tmp-tgz /var/folders/t0/hzd5shn15q7_3bl0ymfz97jh0000gn/T/npm-67237/1359776588046-0.7364282582420856/tmp.tgz
17 verbose lock /var/folders/t0/hzd5shn15q7_3bl0ymfz97jh0000gn/T/npm-67237/1359776588046-0.7364282582420856/tmp.tgz /Users/olivier/.npm/e07ad088-88046-0-7364282582420856-tmp-tgz.lock
18 silly lockFile e07ad088-88046-0-7364282582420856-tmp-tgz /var/folders/t0/hzd5shn15q7_3bl0ymfz97jh0000gn/T/npm-67237/1359776588046-0.7364282582420856/tmp.tgz
19 verbose tar unpack /var/folders/t0/hzd5shn15q7_3bl0ymfz97jh0000gn/T/npm-67237/1359776588046-0.7364282582420856/tmp.tgz
20 silly lockFile 6072659e-88046-0-7364282582420856-package /var/folders/t0/hzd5shn15q7_3bl0ymfz97jh0000gn/T/npm-67237/1359776588046-0.7364282582420856/package
21 verbose lock /var/folders/t0/hzd5shn15q7_3bl0ymfz97jh0000gn/T/npm-67237/1359776588046-0.7364282582420856/package /Users/olivier/.npm/6072659e-88046-0-7364282582420856-package.lock
22 silly gunzTarPerm modes [ '755', '644' ]
23 silly gunzTarPerm extractEntry package.json
24 silly gunzTarPerm extractEntry .npmignore
25 silly gunzTarPerm extractEntry withAdvice.js
26 silly gunzTarPerm extractEntry index.js
27 silly gunzTarPerm extractEntry withAdvice.min.js
28 silly gunzTarPerm extractEntry Makefile
29 silly gunzTarPerm extractEntry .travis.yml
30 silly gunzTarPerm extractEntry lib/withAdvice.js
31 silly gunzTarPerm extractEntry readme.md
32 silly gunzTarPerm extractEntry test/after.test.js
33 silly gunzTarPerm extractEntry test/around.test.js
34 silly gunzTarPerm extractEntry test/before.test.js
35 silly gunzTarPerm extractEntry test/withAdvice.test.js
36 silly gunzTarPerm extractEntry test/support/chai.js
37 silly gunzTarPerm extractEntry test/support/helper.js
38 silly gunzTarPerm extractEntry test/support/mocha.js
39 silly gunzTarPerm extractEntry test/support/sinon-chai.js
40 silly gunzTarPerm extractEntry test/support/sinon.js
41 silly gunzTarPerm extractEntry test/support/underscore.js
42 silly gunzTarPerm extractEntry test/support/mocha.css
43 silly gunzTarPerm extractEntry test/support/tests.html
44 silly gunzTarPerm extractEntry examples/storage.js
45 verbose read json /var/folders/t0/hzd5shn15q7_3bl0ymfz97jh0000gn/T/npm-67237/1359776588046-0.7364282582420856/package/package.json
46 silly lockFile 6072659e-88046-0-7364282582420856-package /var/folders/t0/hzd5shn15q7_3bl0ymfz97jh0000gn/T/npm-67237/1359776588046-0.7364282582420856/package
47 verbose from cache /var/folders/t0/hzd5shn15q7_3bl0ymfz97jh0000gn/T/npm-67237/1359776588046-0.7364282582420856/package/package.json
48 verbose tar pack [ '/Users/olivier/.npm/withadvice/0.0.5/package.tgz',
48 verbose tar pack   '/var/folders/t0/hzd5shn15q7_3bl0ymfz97jh0000gn/T/npm-67237/1359776588046-0.7364282582420856/package' ]
49 verbose tarball /Users/olivier/.npm/withadvice/0.0.5/package.tgz
50 verbose folder /var/folders/t0/hzd5shn15q7_3bl0ymfz97jh0000gn/T/npm-67237/1359776588046-0.7364282582420856/package
51 silly lockFile 006243f2-npm-withadvice-0-0-5-package-tgz /Users/olivier/.npm/withadvice/0.0.5/package.tgz
52 verbose lock /Users/olivier/.npm/withadvice/0.0.5/package.tgz /Users/olivier/.npm/006243f2-npm-withadvice-0-0-5-package-tgz.lock
53 silly lockFile 006243f2-npm-withadvice-0-0-5-package-tgz /Users/olivier/.npm/withadvice/0.0.5/package.tgz
54 silly lockFile 78ab8262-ier-npm-withadvice-0-0-5-package /Users/olivier/.npm/withadvice/0.0.5/package
55 verbose lock /Users/olivier/.npm/withadvice/0.0.5/package /Users/olivier/.npm/78ab8262-ier-npm-withadvice-0-0-5-package.lock
56 silly lockFile 78ab8262-ier-npm-withadvice-0-0-5-package /Users/olivier/.npm/withadvice/0.0.5/package
57 verbose tar unpack /Users/olivier/.npm/withadvice/0.0.5/package.tgz
58 silly lockFile 78ab8262-ier-npm-withadvice-0-0-5-package /Users/olivier/.npm/withadvice/0.0.5/package
59 verbose lock /Users/olivier/.npm/withadvice/0.0.5/package /Users/olivier/.npm/78ab8262-ier-npm-withadvice-0-0-5-package.lock
60 silly gunzTarPerm modes [ '755', '644' ]
61 silly gunzTarPerm extractEntry package.json
62 silly gunzTarPerm extractEntry .npmignore
63 silly gunzTarPerm extractEntry withAdvice.js
64 silly gunzTarPerm extractEntry index.js
65 silly gunzTarPerm extractEntry withAdvice.min.js
66 silly gunzTarPerm extractEntry .travis.yml
67 silly gunzTarPerm extractEntry lib/withAdvice.js
68 silly gunzTarPerm extractEntry readme.md
69 silly gunzTarPerm extractEntry test/after.test.js
70 silly gunzTarPerm extractEntry test/around.test.js
71 silly gunzTarPerm extractEntry test/before.test.js
72 silly gunzTarPerm extractEntry test/withAdvice.test.js
73 silly gunzTarPerm extractEntry test/support/chai.js
74 silly gunzTarPerm extractEntry test/support/helper.js
75 silly gunzTarPerm extractEntry test/support/mocha.js
76 silly gunzTarPerm extractEntry test/support/sinon-chai.js
77 silly gunzTarPerm extractEntry test/support/sinon.js
78 silly gunzTarPerm extractEntry test/support/underscore.js
79 silly gunzTarPerm extractEntry test/support/mocha.css
80 silly gunzTarPerm extractEntry test/support/tests.html
81 silly gunzTarPerm extractEntry examples/storage.js
82 silly gunzTarPerm extractEntry Makefile
83 verbose read json /Users/olivier/.npm/withadvice/0.0.5/package/package.json
84 silly lockFile 78ab8262-ier-npm-withadvice-0-0-5-package /Users/olivier/.npm/withadvice/0.0.5/package
85 silly shasum updated bytes 40960
86 silly shasum updated bytes 40960
87 silly shasum updated bytes 7956
88 info shasum 3fb709ba6dd2cd0c4a4a3b098f730eb31bbfa1f2
88 info shasum /Users/olivier/.npm/withadvice/0.0.5/package.tgz
89 verbose from cache /Users/olivier/.npm/withadvice/0.0.5/package/package.json
90 verbose chmod /Users/olivier/.npm/withadvice/0.0.5/package.tgz 644
91 verbose chown /Users/olivier/.npm/withadvice/0.0.5/package.tgz [ 501, 20 ]
92 silly lockFile 3a52ce78- .
93 silly publish { author: { name: 'Olivier Melcher', email: 'olivier.melcher@gmail.com' },
93 silly publish   name: 'withadvice',
93 silly publish   description: 'AOP library',
93 silly publish   version: '0.0.5',
93 silly publish   repository:
93 silly publish    { type: 'git',
93 silly publish      url: 'git://github.com/olivoil/withAdvice.js.git' },
93 silly publish   dependencies: {},
93 silly publish   devDependencies:
93 silly publish    { mocha: 'latest',
93 silly publish      chai: 'latest',
93 silly publish      sinon: 'latest',
93 silly publish      'sinon-chai': 'latest',
93 silly publish      'mocha-phantomjs': '~1.1.3',
93 silly publish      underscore: '~1.4.4' },
93 silly publish   scripts: { test: 'make test' },
93 silly publish   engines: { node: '*' },
93 silly publish   readme: 'With Advice\n-------------\n\nAn Aspect-Oriented Library for javascript.\n\n[![Build Status](https://travis-ci.org/olivoil/withAdvice.js.png)](https://travis-ci.org/olivoil/withAdvice.js)\n\nInspired by [@angustweets and @danwrong](https://speakerdeck.com/u/anguscroll/p/how-we-learned-to-stop-worrying-and-love-javascript)\n\n<script async class="speakerdeck-embed" data-id="4fc7e727ed0e1d001f022749" data-ratio="1.3333333333333333" src="//speakerdeck.com/assets/embed.js"></script>\n\n\n## Install\n\nNode.js\n\n```\nnpm install withadvice\n```\n\nBrowser\n\n```\n<script src="withAdvice.min.js" type="text/javascript"></script>\n```\n',
93 silly publish   _id: 'withadvice@0.0.5',
93 silly publish   dist: { shasum: '3fb709ba6dd2cd0c4a4a3b098f730eb31bbfa1f2' } }
94 verbose url raw withadvice
95 verbose url resolving [ 'https://registry.npmjs.org/', './withadvice' ]
96 verbose url resolved https://registry.npmjs.org/withadvice
97 info trying registry request attempt 1 at 22:43:09
98 http PUT https://registry.npmjs.org/withadvice
99 http 409 https://registry.npmjs.org/withadvice
100 verbose url raw withadvice
101 verbose url resolving [ 'https://registry.npmjs.org/', './withadvice' ]
102 verbose url resolved https://registry.npmjs.org/withadvice
103 info trying registry request attempt 1 at 22:43:09
104 http GET https://registry.npmjs.org/withadvice
105 http 200 https://registry.npmjs.org/withadvice
106 error publish fail Cannot publish over existing version.
106 error publish fail Bump the 'version' field, set the --force flag, or
106 error publish fail     npm unpublish 'withadvice@0.0.5'
106 error publish fail and try again
107 error System Darwin 12.2.0
108 error command "node" "/usr/local/bin/npm" "publish"
109 error cwd /Users/olivier/Documents/Wingman/withAdvice.js
110 error node -v v0.8.11
111 error npm -v 1.1.62
112 error code EPUBLISHCONFLICT
113 verbose exit [ 1, true ]
